#! c:/iverilog-x64/bin/vvp
:ivl_version "10.1 (stable)" "(v10_1_1)";
:ivl_delay_selection "TYPICAL";
:vpi_time_precision - 12;
:vpi_module "system";
:vpi_module "vhdl_sys";
:vpi_module "v2005_math";
:vpi_module "va_math";
S_0000000000855d10 .scope module, "Decode24Test_v" "Decode24Test_v" 2 26;
 .timescale -9 -12;
v00000000008bb830_0 .var "in", 1 0;
v00000000008bb6f0_0 .net "out", 3 0, L_00000000008bb290;  1 drivers
v00000000008bacf0_0 .var "passed", 7 0;
S_0000000000855e90 .scope task, "allPassed" "allPassed" 2 37, 2 37 0, S_0000000000855d10;
 .timescale -9 -12;
v0000000000862030_0 .var "numTests", 7 0;
v0000000000856010_0 .var "passed", 7 0;
TD_Decode24Test_v.allPassed ;
    %load/vec4 v0000000000856010_0;
    %load/vec4 v0000000000862030_0;
    %cmp/e;
    %jmp/0xz  T_0.0, 4;
    %vpi_call 2 41 "$display", "All tests passed" {0 0 0};
    %jmp T_0.1;
T_0.0 ;
    %vpi_call 2 42 "$display", "Some tests failed" {0 0 0};
T_0.1 ;
    %end;
S_00000000008ba9e0 .scope task, "passTest" "passTest" 2 28, 2 28 0, S_0000000000855d10;
 .timescale -9 -12;
v00000000008bab60_0 .var "actualOut", 3 0;
v00000000008bac00_0 .var "expectedOut", 3 0;
v00000000008bbab0_0 .var "passed", 7 0;
v00000000008bb010_0 .var "testType", 120 0;
TD_Decode24Test_v.passTest ;
    %load/vec4 v00000000008bab60_0;
    %load/vec4 v00000000008bac00_0;
    %cmp/e;
    %jmp/0xz  T_1.2, 4;
    %vpi_call 2 33 "$display", "%s passed", v00000000008bb010_0 {0 0 0};
    %load/vec4 v00000000008bbab0_0;
    %addi 1, 0, 8;
    %store/vec4 v00000000008bbab0_0, 0, 8;
    %jmp T_1.3;
T_1.2 ;
    %vpi_call 2 34 "$display", "%s failed: %d should be %d", v00000000008bb010_0, v00000000008bab60_0, v00000000008bac00_0 {0 0 0};
T_1.3 ;
    %end;
S_00000000008bbcb0 .scope module, "uut" "Decode24" 2 53, 3 1 0, S_0000000000855d10;
 .timescale 0 0;
    .port_info 0 /OUTPUT 4 "out"
    .port_info 1 /INPUT 2 "in"
L_0000000000976fb0 .functor NOT 1, L_00000000008bb470, C4<0>, C4<0>, C4<0>;
L_00000000008bc640 .functor NOT 1, L_00000000008bb650, C4<0>, C4<0>, C4<0>;
L_00000000008bc6b0 .functor AND 1, L_0000000000976fb0, L_00000000008bc640, C4<1>, C4<1>;
L_00000000008bd730 .functor AND 1, L_00000000008bb0b0, L_00000000008bc640, C4<1>, C4<1>;
L_00000000008bd7a0 .functor AND 1, L_0000000000976fb0, L_00000000008bb150, C4<1>, C4<1>;
L_00000000008bd810 .functor AND 1, L_00000000008bb330, L_00000000008bdfb0, C4<1>, C4<1>;
v00000000008bb970_0 .net *"_s1", 0 0, L_00000000008bb470;  1 drivers
v00000000008bad90_0 .net *"_s10", 0 0, L_00000000008bd7a0;  1 drivers
v00000000008bb8d0_0 .net *"_s13", 0 0, L_00000000008bb150;  1 drivers
v00000000008bbb50_0 .net *"_s14", 0 0, L_00000000008bd810;  1 drivers
v00000000008bba10_0 .net *"_s18", 0 0, L_00000000008bb330;  1 drivers
v00000000008bb5b0_0 .net *"_s20", 0 0, L_00000000008bdfb0;  1 drivers
v00000000008bb1f0_0 .net *"_s3", 0 0, L_00000000008bb650;  1 drivers
v00000000008bbbf0_0 .net *"_s4", 0 0, L_00000000008bc6b0;  1 drivers
v00000000008bb3d0_0 .net *"_s6", 0 0, L_00000000008bd730;  1 drivers
v00000000008bae30_0 .net *"_s9", 0 0, L_00000000008bb0b0;  1 drivers
v00000000008baf70_0 .net "in", 1 0, v00000000008bb830_0;  1 drivers
v00000000008baed0_0 .net "n0", 0 0, L_0000000000976fb0;  1 drivers
v00000000008bb790_0 .net "n1", 0 0, L_00000000008bc640;  1 drivers
v00000000008bb510_0 .net "out", 3 0, L_00000000008bb290;  alias, 1 drivers
L_00000000008bb470 .part v00000000008bb830_0, 0, 1;
L_00000000008bb650 .part v00000000008bb830_0, 1, 1;
L_00000000008bb0b0 .part v00000000008bb830_0, 0, 1;
L_00000000008bb150 .part v00000000008bb830_0, 1, 1;
L_00000000008bb290 .concat8 [ 1 1 1 1], L_00000000008bc6b0, L_00000000008bd730, L_00000000008bd7a0, L_00000000008bd810;
L_00000000008bb330 .part v00000000008bb830_0, 0, 1;
L_00000000008bdfb0 .part v00000000008bb830_0, 1, 1;
    .scope S_0000000000855d10;
T_2 ;
    %pushi/vec4 0, 0, 2;
    %store/vec4 v00000000008bb830_0, 0, 2;
    %pushi/vec4 0, 0, 8;
    %store/vec4 v00000000008bacf0_0, 0, 8;
    %delay 90000, 0;
    %pushi/vec4 0, 0, 2;
    %store/vec4 v00000000008bb830_0, 0, 2;
    %delay 10000, 0;
    %load/vec4 v00000000008bb6f0_0;
    %store/vec4 v00000000008bab60_0, 0, 4;
    %pushi/vec4 1, 0, 4;
    %store/vec4 v00000000008bac00_0, 0, 4;
    %pushi/vec4 2463949034, 0, 98;
    %concati/vec4 7610416, 0, 23;
    %store/vec4 v00000000008bb010_0, 0, 121;
    %load/vec4 v00000000008bacf0_0;
    %store/vec4 v00000000008bbab0_0, 0, 8;
    %fork TD_Decode24Test_v.passTest, S_00000000008ba9e0;
    %join;
    %load/vec4 v00000000008bbab0_0;
    %store/vec4 v00000000008bacf0_0, 0, 8;
    %delay 90000, 0;
    %pushi/vec4 1, 0, 2;
    %store/vec4 v00000000008bb830_0, 0, 2;
    %delay 10000, 0;
    %load/vec4 v00000000008bb6f0_0;
    %store/vec4 v00000000008bab60_0, 0, 4;
    %pushi/vec4 2, 0, 4;
    %store/vec4 v00000000008bac00_0, 0, 4;
    %pushi/vec4 2463949034, 0, 98;
    %concati/vec4 7610417, 0, 23;
    %store/vec4 v00000000008bb010_0, 0, 121;
    %load/vec4 v00000000008bacf0_0;
    %store/vec4 v00000000008bbab0_0, 0, 8;
    %fork TD_Decode24Test_v.passTest, S_00000000008ba9e0;
    %join;
    %load/vec4 v00000000008bbab0_0;
    %store/vec4 v00000000008bacf0_0, 0, 8;
    %delay 90000, 0;
    %pushi/vec4 2, 0, 2;
    %store/vec4 v00000000008bb830_0, 0, 2;
    %delay 10000, 0;
    %load/vec4 v00000000008bb6f0_0;
    %store/vec4 v00000000008bab60_0, 0, 4;
    %pushi/vec4 4, 0, 4;
    %store/vec4 v00000000008bac00_0, 0, 4;
    %pushi/vec4 2463949034, 0, 98;
    %concati/vec4 7610418, 0, 23;
    %store/vec4 v00000000008bb010_0, 0, 121;
    %load/vec4 v00000000008bacf0_0;
    %store/vec4 v00000000008bbab0_0, 0, 8;
    %fork TD_Decode24Test_v.passTest, S_00000000008ba9e0;
    %join;
    %load/vec4 v00000000008bbab0_0;
    %store/vec4 v00000000008bacf0_0, 0, 8;
    %delay 90000, 0;
    %pushi/vec4 3, 0, 2;
    %store/vec4 v00000000008bb830_0, 0, 2;
    %delay 10000, 0;
    %load/vec4 v00000000008bb6f0_0;
    %store/vec4 v00000000008bab60_0, 0, 4;
    %pushi/vec4 8, 0, 4;
    %store/vec4 v00000000008bac00_0, 0, 4;
    %pushi/vec4 2463949034, 0, 98;
    %concati/vec4 7610419, 0, 23;
    %store/vec4 v00000000008bb010_0, 0, 121;
    %load/vec4 v00000000008bacf0_0;
    %store/vec4 v00000000008bbab0_0, 0, 8;
    %fork TD_Decode24Test_v.passTest, S_00000000008ba9e0;
    %join;
    %load/vec4 v00000000008bbab0_0;
    %store/vec4 v00000000008bacf0_0, 0, 8;
    %load/vec4 v00000000008bacf0_0;
    %store/vec4 v0000000000856010_0, 0, 8;
    %pushi/vec4 4, 0, 8;
    %store/vec4 v0000000000862030_0, 0, 8;
    %fork TD_Decode24Test_v.allPassed, S_0000000000855e90;
    %join;
    %end;
    .thread T_2;
# The file index is used to find the file name in the following table.
:file_names 4;
    "N/A";
    "<interactive>";
    "Decode24Test.v";
    "Decode24.v";
